2017-03-20 20:06:51.859    [34mINFO [0;39m --- [           main]  [36mc.p.a.wechatsangzi.JxApplication[0;39m                    : Starting JxApplication on euvee-2016jys with PID 12112 (E:\Code\personal-git\wechat-sangzi\target\classes started by Administrator in E:\Code\personal-git\wechat-sangzi)
2017-03-20 20:06:51.862    [34mINFO [0;39m --- [           main]  [36mc.p.a.wechatsangzi.JxApplication[0;39m                    : No active profile set, falling back to default profiles: default
2017-03-20 20:06:52.204    [34mINFO [0;39m --- [kground-preinit]  [36mo.h.validator.internal.util.Version[0;39m                 : HV000001: Hibernate Validator 5.2.4.Final
2017-03-20 20:06:52.241    [34mINFO [0;39m ---       main]  [36mo.s.b.c.e.AnnotationConfigEmbeddedWebApplicationContext[0;39m   : Refreshing org.springframework.boot.context.embedded.AnnotationConfigEmbeddedWebApplicationContext@6f01b95f: startup date [Mon Mar 20 20:06:52 CST 2017]; root of context hierarchy
2017-03-20 20:06:53.229    [34mINFO [0;39m --- [           main]  [36mo.s.b.f.a.AutowiredAnnotationBeanPostProcessor[0;39m      : JSR-330 'javax.inject.Inject' annotation found and supported for autowiring
2017-03-20 20:06:53.245    [34mINFO [0;39m ---   [36mo.s.c.s.PostProcessorRegistrationDelegate$BeanPostProcessorChecker[0;39m   : Bean 'jxApplication' of type [class JxApplication$$EnhancerBySpringCGLIB$$d9fa151f] is not eligible for getting processed by all BeanPostProcessors (for example: not eligible for auto-proxying)
2017-03-20 20:06:53.318    [34mINFO [0;39m ---   [36mo.s.c.s.PostProcessorRegistrationDelegate$BeanPostProcessorChecker[0;39m   : Bean 'org.springframework.transaction.annotation.ProxyTransactionManagementConfiguration' of type [class org.springframework.transaction.annotation.ProxyTransactionManagementConfiguration$$EnhancerBySpringCGLIB$$8b266892] is not eligible for getting processed by all BeanPostProcessors (for example: not eligible for auto-proxying)
2017-03-20 20:06:53.601    [34mINFO [0;39m --- [           main]  [36morg.eclipse.jetty.util.log[0;39m                          : Logging initialized @3440ms
2017-03-20 20:06:53.867    [34mINFO [0;39m --- [           main]  [36mo.s.b.c.e.j.JettyEmbeddedServletContainerFactory[0;39m    : Server initialized with port: 8089
2017-03-20 20:06:53.870    [34mINFO [0;39m --- [           main]  [36morg.eclipse.jetty.server.Server[0;39m                     : jetty-9.2.16.v20160414
2017-03-20 20:06:54.005    [34mINFO [0;39m --- [           main]  [36mapplication[0;39m                                         : Initializing Spring embedded WebApplicationContext
2017-03-20 20:06:54.005    [34mINFO [0;39m --- [           main]  [36mo.s.web.context.ContextLoader[0;39m                       : Root WebApplicationContext: initialization completed in 1765 ms
2017-03-20 20:06:54.323    [34mINFO [0;39m --- [           main]  [36mo.s.b.c.embedded.ServletRegistrationBean[0;39m            : Mapping servlet: 'dispatcherServlet' to [/]
2017-03-20 20:06:54.325    [34mINFO [0;39m --- [           main]  [36mo.s.b.c.embedded.FilterRegistrationBean[0;39m             : Mapping filter: 'characterEncodingFilter' to: [/*]
2017-03-20 20:06:54.325    [34mINFO [0;39m --- [           main]  [36mo.s.b.c.embedded.FilterRegistrationBean[0;39m             : Mapping filter: 'hiddenHttpMethodFilter' to: [/*]
2017-03-20 20:06:54.326    [34mINFO [0;39m --- [           main]  [36mo.s.b.c.embedded.FilterRegistrationBean[0;39m             : Mapping filter: 'httpPutFormContentFilter' to: [/*]
2017-03-20 20:06:54.326    [34mINFO [0;39m --- [           main]  [36mo.s.b.c.embedded.FilterRegistrationBean[0;39m             : Mapping filter: 'requestContextFilter' to: [/*]
2017-03-20 20:06:54.562    [34mINFO [0;39m --- [           main]  [36mo.e.jetty.server.handler.ContextHandler[0;39m             : Started o.s.b.c.e.j.JettyEmbeddedWebAppContext@55fee662{/,file:/C:/Users/Administrator/AppData/Local/Temp/jetty-docbase.3539370781052880341.8089/,AVAILABLE}
2017-03-20 20:06:54.563    [34mINFO [0;39m --- [           main]  [36morg.eclipse.jetty.server.Server[0;39m                     : Started @4401ms
2017-03-20 20:06:54.641    [34mINFO [0;39m --- [           main]  [36mo.s.j.datasource.DriverManagerDataSource[0;39m            : Loaded JDBC driver: org.postgresql.Driver
2017-03-20 20:06:54.816    [34mINFO [0;39m --- [           main]  [36morg.hibernate.Version[0;39m                               : HHH000412: Hibernate Core {5.2.6.Final}
2017-03-20 20:06:54.818    [34mINFO [0;39m --- [           main]  [36morg.hibernate.cfg.Environment[0;39m                       : HHH000206: hibernate.properties not found
2017-03-20 20:06:54.869    [34mINFO [0;39m --- [           main]  [36morg.hibernate.annotations.common.Version[0;39m            : HCANN000001: Hibernate Commons Annotations {5.0.1.Final}
2017-03-20 20:06:55.114    [34mINFO [0;39m --- [           main]  [36morg.hibernate.dialect.Dialect[0;39m                       : HHH000400: Using dialect: org.hibernate.dialect.PostgreSQL94Dialect
2017-03-20 20:06:55.658    [34mINFO [0;39m --- [           main]  [36mo.h.e.j.e.internal.LobCreatorBuilderImpl[0;39m            : HHH000424: Disabling contextual LOB creation as createClob() method threw error : java.lang.reflect.InvocationTargetException
2017-03-20 20:06:55.661    [34mINFO [0;39m --- [           main]  [36morg.hibernate.type.BasicTypeRegistry[0;39m                : HHH000270: Type registration [java.util.UUID] overrides previous : org.hibernate.type.UUIDBinaryType@3d1c933
2017-03-20 20:06:56.227    [34mINFO [0;39m --- [           main]  [36morg.hibernate.dialect.Dialect[0;39m                       : HHH000400: Using dialect: org.hibernate.dialect.PostgreSQL94Dialect
2017-03-20 20:06:56.360    [34mINFO [0;39m --- [           main]  [36mo.h.e.j.e.internal.LobCreatorBuilderImpl[0;39m            : HHH000424: Disabling contextual LOB creation as createClob() method threw error : java.lang.reflect.InvocationTargetException
2017-03-20 20:06:56.361    [34mINFO [0;39m --- [           main]  [36morg.hibernate.type.BasicTypeRegistry[0;39m                : HHH000270: Type registration [java.util.UUID] overrides previous : org.hibernate.type.UUIDBinaryType@3d1c933
2017-03-20 20:06:56.812    [34mINFO [0;39m --- [           main]  [36mo.s.w.s.m.m.a.RequestMappingHandlerAdapter[0;39m          : Looking for @ControllerAdvice: org.springframework.boot.context.embedded.AnnotationConfigEmbeddedWebApplicationContext@6f01b95f: startup date [Mon Mar 20 20:06:52 CST 2017]; root of context hierarchy
2017-03-20 20:06:56.910    [34mINFO [0;39m --- [           main]  [36mo.s.w.s.m.m.a.RequestMappingHandlerMapping[0;39m          : Mapped "{[/test/exe]}" onto public me.chanjar.weixin.mp.bean.message.WxMpXmlOutMessage JxTest.execute(java.lang.String,java.lang.String)
2017-03-20 20:06:56.912    [34mINFO [0;39m --- [           main]  [36mo.s.w.s.m.m.a.RequestMappingHandlerMapping[0;39m          : Mapped "{[/test/flow]}" onto public java.util.List JxTest.get2()
2017-03-20 20:06:56.913    [34mINFO [0;39m --- [           main]  [36mo.s.w.s.m.m.a.RequestMappingHandlerMapping[0;39m          : Mapped "{[/test/pet]}" onto public java.util.List JxTest.get1()
2017-03-20 20:06:56.913    [34mINFO [0;39m --- [           main]  [36mo.s.w.s.m.m.a.RequestMappingHandlerMapping[0;39m          : Mapped "{[/test/res]}" onto public java.util.List JxTest.get3()
2017-03-20 20:06:56.914    [34mINFO [0;39m --- [           main]  [36mo.s.w.s.m.m.a.RequestMappingHandlerMapping[0;39m          : Mapped "{[/],methods=[POST],produces=[application/xml;charset=UTF-8]}" onto public java.lang.String JxWechatMpController.post(java.lang.String,java.lang.String,java.lang.String,java.lang.String,java.lang.String,java.lang.String)
2017-03-20 20:06:56.914    [34mINFO [0;39m --- [           main]  [36mo.s.w.s.m.m.a.RequestMappingHandlerMapping[0;39m          : Mapped "{[/],methods=[GET],produces=[text/plain;charset=utf-8]}" onto public java.lang.String JxWechatMpController.authGet(java.lang.String,java.lang.String,java.lang.String,java.lang.String)
2017-03-20 20:06:56.919    [34mINFO [0;39m --- [           main]  [36mo.s.w.s.m.m.a.RequestMappingHandlerMapping[0;39m          : Mapped "{[/error]}" onto public org.springframework.http.ResponseEntity<java.util.Map<java.lang.String, java.lang.Object>> org.springframework.boot.autoconfigure.web.BasicErrorController.error(javax.servlet.http.HttpServletRequest)
2017-03-20 20:06:56.920    [34mINFO [0;39m --- [           main]  [36mo.s.w.s.m.m.a.RequestMappingHandlerMapping[0;39m          : Mapped "{[/error],produces=[text/html]}" onto public org.springframework.web.servlet.ModelAndView org.springframework.boot.autoconfigure.web.BasicErrorController.errorHtml(javax.servlet.http.HttpServletRequest,javax.servlet.http.HttpServletResponse)
2017-03-20 20:06:56.950    [34mINFO [0;39m --- [           main]  [36mo.s.w.s.handler.SimpleUrlHandlerMapping[0;39m             : Mapped URL path [/webjars/**] onto handler of type [class org.springframework.web.servlet.resource.ResourceHttpRequestHandler]
2017-03-20 20:06:56.950    [34mINFO [0;39m --- [           main]  [36mo.s.w.s.handler.SimpleUrlHandlerMapping[0;39m             : Mapped URL path [/**] onto handler of type [class org.springframework.web.servlet.resource.ResourceHttpRequestHandler]
2017-03-20 20:06:57.001    [34mINFO [0;39m --- [           main]  [36mo.s.w.s.handler.SimpleUrlHandlerMapping[0;39m             : Mapped URL path [/**/favicon.ico] onto handler of type [class org.springframework.web.servlet.resource.ResourceHttpRequestHandler]
2017-03-20 20:06:57.410    [34mINFO [0;39m --- [           main]  [36mo.s.j.e.a.AnnotationMBeanExporter[0;39m                   : Registering beans for JMX exposure on startup
2017-03-20 20:06:57.427    [34mINFO [0;39m --- [           main]  [36mapplication[0;39m                                         : Initializing Spring FrameworkServlet 'dispatcherServlet'
2017-03-20 20:06:57.427    [34mINFO [0;39m --- [           main]  [36mo.s.web.servlet.DispatcherServlet[0;39m                   : FrameworkServlet 'dispatcherServlet': initialization started
2017-03-20 20:06:57.441    [34mINFO [0;39m --- [           main]  [36mo.s.web.servlet.DispatcherServlet[0;39m                   : FrameworkServlet 'dispatcherServlet': initialization completed in 14 ms
2017-03-20 20:06:57.473    [34mINFO [0;39m --- [           main]  [36morg.eclipse.jetty.server.ServerConnector[0;39m            : Started ServerConnector@4c9cce17{HTTP/1.1}{0.0.0.0:8089}
2017-03-20 20:06:57.475    [34mINFO [0;39m --- [           main]  [36mo.s.b.c.e.j.JettyEmbeddedServletContainer[0;39m           : Jetty started on port(s) 8089 (http/1.1)
2017-03-20 20:06:57.479    [34mINFO [0;39m --- [           main]  [36mc.p.a.wechatsangzi.JxApplication[0;39m                    : Started JxApplication in 6.208 seconds (JVM running for 7.317)
2017-03-20 20:28:02.176    [34mINFO [0;39m --- [tp1349872758-19]  [36mc.p.a.w.io.JxWechatMpController[0;39m                     : 
接收微信请求：[5659eb0aafa0e461d1b325a18ecb604bc3f6a45e,null,null,1490012883,1298374681]
<xml><ToUserName><![CDATA[gh_ae52eb1583ee]]></ToUserName>
<FromUserName><![CDATA[owKsDwGhfDgNB_n81333RnLY_HsA]]></FromUserName>
<CreateTime>1490012883</CreateTime>
<MsgType><![CDATA[event]]></MsgType>
<Event><![CDATA[subscribe]]></Event>
<EventKey><![CDATA[]]></EventKey>
</xml> 
2017-03-20 20:28:02.423    [34mINFO [0;39m --- [tp1349872758-19]  [36mc.p.a.w.handler.SubscribeHandler[0;39m                    : 新关注用户 OPENID: owKsDwGhfDgNB_n81333RnLY_HsA
2017-03-20 20:28:02.511    [34mINFO [0;39m --- [pool-1-thread-1]  [36mc.p.a.wechatsangzi.handler.LogHandler[0;39m               : 
接收到请求消息，内容：{
  "toUser" : "gh_ae52eb1583ee",
  "fromUser" : "owKsDwGhfDgNB_n81333RnLY_HsA",
  "createTime" : 1490012883,
  "msgType" : "event",
  "event" : "subscribe",
  "eventKey" : ""
}
2017-03-20 20:28:02.877    [1;31mERROR[0;39m --- [tp1349872758-19]  [36mm.c.weixin.mp.api.impl.WxMpServiceImpl[0;39m              : 
[URL]:  https://api.weixin.qq.com/cgi-bin/user/info
[PARAMS]: openid=owKsDwGhfDgNB_n81333RnLY_HsA&lang=zh_CN
[RESPONSE]: {"errcode":48001,"errmsg":"api unauthorized hint: [X5i9Xa0884vr32!]"}
2017-03-20 20:28:02.879    [1;31mERROR[0;39m --- [tp1349872758-19]  [36mm.c.w.common.api.WxErrorExceptionHandler[0;39m            : Error happens
me.chanjar.weixin.common.exception.WxErrorException: {"errcode":48001,"errmsg":"api unauthorized hint: [X5i9Xa0884vr32!]"}
	at me.chanjar.weixin.mp.api.impl.WxMpServiceImpl.executeInternal(WxMpServiceImpl.java:418)
	at me.chanjar.weixin.mp.api.impl.WxMpServiceImpl.execute(WxMpServiceImpl.java:366)
	at me.chanjar.weixin.mp.api.impl.WxMpServiceImpl.get(WxMpServiceImpl.java:350)
	at me.chanjar.weixin.mp.api.impl.WxMpUserServiceImpl.userInfo(WxMpUserServiceImpl.java:42)
	at SubscribeHandler.handle(SubscribeHandler.java:32)
	at me.chanjar.weixin.mp.api.WxMpMessageRouterRule.service(WxMpMessageRouterRule.java:217)
	at me.chanjar.weixin.mp.api.WxMpMessageRouter.route(WxMpMessageRouter.java:172)
	at JxWechatMpController.route(JxWechatMpController.java:97)
	at JxWechatMpController.post(JxWechatMpController.java:69)
	at JxWechatMpController$$FastClassBySpringCGLIB$$5162f361.invoke(<generated>)
	at org.springframework.cglib.proxy.MethodProxy.invoke(MethodProxy.java:204)
	at org.springframework.aop.framework.CglibAopProxy$CglibMethodInvocation.invokeJoinpoint(CglibAopProxy.java:720)
	at org.springframework.aop.framework.ReflectiveMethodInvocation.proceed(ReflectiveMethodInvocation.java:157)
	at org.springframework.transaction.interceptor.TransactionInterceptor$1.proceedWithInvocation(TransactionInterceptor.java:99)
	at org.springframework.transaction.interceptor.TransactionAspectSupport.invokeWithinTransaction(TransactionAspectSupport.java:281)
	at org.springframework.transaction.interceptor.TransactionInterceptor.invoke(TransactionInterceptor.java:96)
	at org.springframework.aop.framework.ReflectiveMethodInvocation.proceed(ReflectiveMethodInvocation.java:179)
	at org.springframework.aop.framework.CglibAopProxy$DynamicAdvisedInterceptor.intercept(CglibAopProxy.java:655)
	at JxWechatMpController$$EnhancerBySpringCGLIB$$705e8863.post(<generated>)
	at sun.reflect.NativeMethodAccessorImpl.invoke0(Native Method)
	at sun.reflect.NativeMethodAccessorImpl.invoke(NativeMethodAccessorImpl.java:62)
	at sun.reflect.DelegatingMethodAccessorImpl.invoke(DelegatingMethodAccessorImpl.java:43)
	at java.lang.reflect.Method.invoke(Method.java:497)
	at org.springframework.web.method.support.InvocableHandlerMethod.doInvoke(InvocableHandlerMethod.java:221)
	at org.springframework.web.method.support.InvocableHandlerMethod.invokeForRequest(InvocableHandlerMethod.java:136)
	at org.springframework.web.servlet.mvc.method.annotation.ServletInvocableHandlerMethod.invokeAndHandle(ServletInvocableHandlerMethod.java:110)
	at org.springframework.web.servlet.mvc.method.annotation.RequestMappingHandlerAdapter.invokeHandlerMethod(RequestMappingHandlerAdapter.java:832)
	at org.springframework.web.servlet.mvc.method.annotation.RequestMappingHandlerAdapter.handleInternal(RequestMappingHandlerAdapter.java:743)
	at org.springframework.web.servlet.mvc.method.AbstractHandlerMethodAdapter.handle(AbstractHandlerMethodAdapter.java:85)
	at org.springframework.web.servlet.DispatcherServlet.doDispatch(DispatcherServlet.java:961)
	at org.springframework.web.servlet.DispatcherServlet.doService(DispatcherServlet.java:895)
	at org.springframework.web.servlet.FrameworkServlet.processRequest(FrameworkServlet.java:967)
	at org.springframework.web.servlet.FrameworkServlet.doPost(FrameworkServlet.java:869)
	at javax.servlet.http.HttpServlet.service(HttpServlet.java:707)
	at org.springframework.web.servlet.FrameworkServlet.service(FrameworkServlet.java:843)
	at javax.servlet.http.HttpServlet.service(HttpServlet.java:790)
	at org.eclipse.jetty.servlet.ServletHolder.handle(ServletHolder.java:812)
	at org.eclipse.jetty.servlet.ServletHandler$CachedChain.doFilter(ServletHandler.java:1669)
	at org.eclipse.jetty.websocket.server.WebSocketUpgradeFilter.doFilter(WebSocketUpgradeFilter.java:224)
	at org.eclipse.jetty.servlet.ServletHandler$CachedChain.doFilter(ServletHandler.java:1652)
	at org.springframework.web.filter.RequestContextFilter.doFilterInternal(RequestContextFilter.java:99)
	at org.springframework.web.filter.OncePerRequestFilter.doFilter(OncePerRequestFilter.java:107)
	at org.eclipse.jetty.servlet.ServletHandler$CachedChain.doFilter(ServletHandler.java:1652)
	at org.springframework.web.filter.HttpPutFormContentFilter.doFilterInternal(HttpPutFormContentFilter.java:87)
	at org.springframework.web.filter.OncePerRequestFilter.doFilter(OncePerRequestFilter.java:107)
	at org.eclipse.jetty.servlet.ServletHandler$CachedChain.doFilter(ServletHandler.java:1652)
	at org.springframework.web.filter.HiddenHttpMethodFilter.doFilterInternal(HiddenHttpMethodFilter.java:77)
	at org.springframework.web.filter.OncePerRequestFilter.doFilter(OncePerRequestFilter.java:107)
	at org.eclipse.jetty.servlet.ServletHandler$CachedChain.doFilter(ServletHandler.java:1652)
	at org.springframework.web.filter.CharacterEncodingFilter.doFilterInternal(CharacterEncodingFilter.java:121)
	at org.springframework.web.filter.OncePerRequestFilter.doFilter(OncePerRequestFilter.java:107)
	at org.eclipse.jetty.servlet.ServletHandler$CachedChain.doFilter(ServletHandler.java:1652)
	at org.eclipse.jetty.servlet.ServletHandler.doHandle(ServletHandler.java:585)
	at org.eclipse.jetty.server.handler.ScopedHandler.handle(ScopedHandler.java:143)
	at org.eclipse.jetty.security.SecurityHandler.handle(SecurityHandler.java:577)
	at org.eclipse.jetty.server.session.SessionHandler.doHandle(SessionHandler.java:223)
	at org.eclipse.jetty.server.handler.ContextHandler.doHandle(ContextHandler.java:1127)
	at org.eclipse.jetty.servlet.ServletHandler.doScope(ServletHandler.java:515)
	at org.eclipse.jetty.server.session.SessionHandler.doScope(SessionHandler.java:185)
	at org.eclipse.jetty.server.handler.ContextHandler.doScope(ContextHandler.java:1061)
	at org.eclipse.jetty.server.handler.ScopedHandler.handle(ScopedHandler.java:141)
	at org.eclipse.jetty.server.handler.HandlerWrapper.handle(HandlerWrapper.java:97)
	at org.eclipse.jetty.server.Server.handle(Server.java:499)
	at org.eclipse.jetty.server.HttpChannel.handle(HttpChannel.java:311)
	at org.eclipse.jetty.server.HttpConnection.onFillable(HttpConnection.java:257)
	at org.eclipse.jetty.io.AbstractConnection$2.run(AbstractConnection.java:544)
	at org.eclipse.jetty.util.thread.QueuedThreadPool.runJob(QueuedThreadPool.java:635)
	at org.eclipse.jetty.util.thread.QueuedThreadPool$3.run(QueuedThreadPool.java:555)
	at java.lang.Thread.run(Thread.java:745)
2017-03-20 20:28:16.540    [34mINFO [0;39m --- [tp1349872758-23]  [36mc.p.a.w.io.JxWechatMpController[0;39m                     : 
接收微信请求：[7a746e1a2a1ab6e4956362a02c0d8aeefdfd4fa7,null,null,1490012897,460593793]
<xml><ToUserName><![CDATA[gh_ae52eb1583ee]]></ToUserName>
<FromUserName><![CDATA[owKsDwGhfDgNB_n81333RnLY_HsA]]></FromUserName>
<CreateTime>1490012897</CreateTime>
<MsgType><![CDATA[text]]></MsgType>
<Content><![CDATA[领养宠物]]></Content>
<MsgId>6399556663642284761</MsgId>
</xml> 
2017-03-20 20:28:16.545    [34mINFO [0;39m --- [pool-1-thread-3]  [36mc.p.a.wechatsangzi.handler.LogHandler[0;39m               : 
接收到请求消息，内容：{
  "toUser" : "gh_ae52eb1583ee",
  "fromUser" : "owKsDwGhfDgNB_n81333RnLY_HsA",
  "createTime" : 1490012897,
  "msgType" : "text",
  "content" : "领养宠物",
  "msgId" : 6399556663642284761
}
2017-03-20 20:28:17.167    [34mINFO [0;39m --- [tp1349872758-23]  [36mo.h.h.i.QueryTranslatorFactoryInitiator[0;39m             : HHH000397: Using ASTQueryTranslatorFactory
2017-03-20 20:28:25.180    [34mINFO [0;39m --- [tp1349872758-21]  [36mc.p.a.w.io.JxWechatMpController[0;39m                     : 
接收微信请求：[e53080c8ebbe036180b72a70da0c1fb98ca87be1,null,null,1490012906,1935924421]
<xml><ToUserName><![CDATA[gh_ae52eb1583ee]]></ToUserName>
<FromUserName><![CDATA[owKsDwGhfDgNB_n81333RnLY_HsA]]></FromUserName>
<CreateTime>1490012906</CreateTime>
<MsgType><![CDATA[text]]></MsgType>
<Content><![CDATA[？？？]]></Content>
<MsgId>6399556702296990429</MsgId>
</xml> 
2017-03-20 20:28:25.181    [34mINFO [0;39m --- [pool-1-thread-5]  [36mc.p.a.wechatsangzi.handler.LogHandler[0;39m               : 
接收到请求消息，内容：{
  "toUser" : "gh_ae52eb1583ee",
  "fromUser" : "owKsDwGhfDgNB_n81333RnLY_HsA",
  "createTime" : 1490012906,
  "msgType" : "text",
  "content" : "？？？",
  "msgId" : 6399556702296990429
}
2017-03-20 20:28:35.191    [34mINFO [0;39m --- [tp1349872758-20]  [36mc.p.a.w.io.JxWechatMpController[0;39m                     : 
接收微信请求：[a58bf8cc303342dc1640bc34230f4aec6550159d,null,null,1490012913,515581444]
<xml><ToUserName><![CDATA[gh_ae52eb1583ee]]></ToUserName>
<FromUserName><![CDATA[owKsDwGhfDgNB_n81333RnLY_HsA]]></FromUserName>
<CreateTime>1490012913</CreateTime>
<MsgType><![CDATA[text]]></MsgType>
<Content><![CDATA[什么鬼]]></Content>
<MsgId>6399556732361761503</MsgId>
</xml> 
2017-03-20 20:28:35.192    [34mINFO [0;39m --- [pool-1-thread-7]  [36mc.p.a.wechatsangzi.handler.LogHandler[0;39m               : 
接收到请求消息，内容：{
  "toUser" : "gh_ae52eb1583ee",
  "fromUser" : "owKsDwGhfDgNB_n81333RnLY_HsA",
  "createTime" : 1490012913,
  "msgType" : "text",
  "content" : "什么鬼",
  "msgId" : 6399556732361761503
}
