2017-03-27 11:01:01.515    [1;31mERROR[0;39m --- [           main]  [36mtest[0;39m                                                : Unparseable date: "20356432"
2017-03-27 11:01:01.520    [34mINFO [0;39m --- [           main]  [36mtest[0;39m                                                : parse error
java.text.ParseException: Unparseable date: "20356432"
	at java.text.DateFormat.parse(DateFormat.java:366)
	at test.main(test.java:29)
2017-03-27 11:01:36.359    [34mINFO [0;39m --- [           main]  [36mc.p.application.wechat.pet.JxApplication[0;39m            : Starting JxApplication on euvee-2016jys with PID 9880 (E:\Code\personal-git\wechat-sangzi\target\classes started by Administrator in E:\Code\personal-git\wechat-sangzi)
2017-03-27 11:01:36.362    [34mINFO [0;39m --- [           main]  [36mc.p.application.wechat.pet.JxApplication[0;39m            : No active profile set, falling back to default profiles: default
2017-03-27 11:01:36.755    [34mINFO [0;39m --- [kground-preinit]  [36mo.h.validator.internal.util.Version[0;39m                 : HV000001: Hibernate Validator 5.2.4.Final
2017-03-27 11:01:36.856    [34mINFO [0;39m ---       main]  [36mo.s.b.c.e.AnnotationConfigEmbeddedWebApplicationContext[0;39m   : Refreshing org.springframework.boot.context.embedded.AnnotationConfigEmbeddedWebApplicationContext@6293abcc: startup date [Mon Mar 27 11:01:36 CST 2017]; root of context hierarchy
2017-03-27 11:01:37.682    [34mINFO [0;39m --- [           main]  [36mo.s.b.f.a.AutowiredAnnotationBeanPostProcessor[0;39m      : JSR-330 'javax.inject.Inject' annotation found and supported for autowiring
2017-03-27 11:01:37.693    [34mINFO [0;39m ---   [36mo.s.c.s.PostProcessorRegistrationDelegate$BeanPostProcessorChecker[0;39m   : Bean 'jxApplication' of type [class com.pinebud.application.wechat.pet.JxApplication$$EnhancerBySpringCGLIB$$6b9504e9] is not eligible for getting processed by all BeanPostProcessors (for example: not eligible for auto-proxying)
2017-03-27 11:01:37.739    [34mINFO [0;39m ---   [36mo.s.c.s.PostProcessorRegistrationDelegate$BeanPostProcessorChecker[0;39m   : Bean 'org.springframework.transaction.annotation.ProxyTransactionManagementConfiguration' of type [class org.springframework.transaction.annotation.ProxyTransactionManagementConfiguration$$EnhancerBySpringCGLIB$$1a07fb81] is not eligible for getting processed by all BeanPostProcessors (for example: not eligible for auto-proxying)
2017-03-27 11:01:37.987    [34mINFO [0;39m --- [           main]  [36morg.eclipse.jetty.util.log[0;39m                          : Logging initialized @2689ms
2017-03-27 11:01:38.218    [34mINFO [0;39m --- [           main]  [36mo.s.b.c.e.j.JettyEmbeddedServletContainerFactory[0;39m    : Server initialized with port: 8089
2017-03-27 11:01:38.221    [34mINFO [0;39m --- [           main]  [36morg.eclipse.jetty.server.Server[0;39m                     : jetty-9.2.16.v20160414
2017-03-27 11:01:38.316    [34mINFO [0;39m --- [           main]  [36mapplication[0;39m                                         : Initializing Spring embedded WebApplicationContext
2017-03-27 11:01:38.317    [34mINFO [0;39m --- [           main]  [36mo.s.web.context.ContextLoader[0;39m                       : Root WebApplicationContext: initialization completed in 1461 ms
2017-03-27 11:01:38.549    [34mINFO [0;39m --- [           main]  [36mo.s.b.c.embedded.ServletRegistrationBean[0;39m            : Mapping servlet: 'dispatcherServlet' to [/]
2017-03-27 11:01:38.551    [34mINFO [0;39m --- [           main]  [36mo.s.b.c.embedded.FilterRegistrationBean[0;39m             : Mapping filter: 'characterEncodingFilter' to: [/*]
2017-03-27 11:01:38.552    [34mINFO [0;39m --- [           main]  [36mo.s.b.c.embedded.FilterRegistrationBean[0;39m             : Mapping filter: 'hiddenHttpMethodFilter' to: [/*]
2017-03-27 11:01:38.552    [34mINFO [0;39m --- [           main]  [36mo.s.b.c.embedded.FilterRegistrationBean[0;39m             : Mapping filter: 'httpPutFormContentFilter' to: [/*]
2017-03-27 11:01:38.552    [34mINFO [0;39m --- [           main]  [36mo.s.b.c.embedded.FilterRegistrationBean[0;39m             : Mapping filter: 'requestContextFilter' to: [/*]
2017-03-27 11:01:38.772    [34mINFO [0;39m --- [           main]  [36mo.e.jetty.server.handler.ContextHandler[0;39m             : Started o.s.b.c.e.j.JettyEmbeddedWebAppContext@385e36d4{/,file:/C:/Users/Administrator/AppData/Local/Temp/jetty-docbase.422644526887784013.8089/,AVAILABLE}
2017-03-27 11:01:38.773    [34mINFO [0;39m --- [           main]  [36morg.eclipse.jetty.server.Server[0;39m                     : Started @3475ms
2017-03-27 11:01:38.837    [34mINFO [0;39m --- [           main]  [36mo.s.j.datasource.DriverManagerDataSource[0;39m            : Loaded JDBC driver: org.postgresql.Driver
2017-03-27 11:01:39.034    [34mINFO [0;39m --- [           main]  [36morg.hibernate.Version[0;39m                               : HHH000412: Hibernate Core {5.2.6.Final}
2017-03-27 11:01:39.035    [34mINFO [0;39m --- [           main]  [36morg.hibernate.cfg.Environment[0;39m                       : HHH000206: hibernate.properties not found
2017-03-27 11:01:39.087    [34mINFO [0;39m --- [           main]  [36morg.hibernate.annotations.common.Version[0;39m            : HCANN000001: Hibernate Commons Annotations {5.0.1.Final}
2017-03-27 11:01:39.427    [34mINFO [0;39m --- [           main]  [36morg.hibernate.dialect.Dialect[0;39m                       : HHH000400: Using dialect: org.hibernate.dialect.PostgreSQL94Dialect
2017-03-27 11:01:39.900    [34mINFO [0;39m --- [           main]  [36mo.h.e.j.e.internal.LobCreatorBuilderImpl[0;39m            : HHH000424: Disabling contextual LOB creation as createClob() method threw error : java.lang.reflect.InvocationTargetException
2017-03-27 11:01:39.902    [34mINFO [0;39m --- [           main]  [36morg.hibernate.type.BasicTypeRegistry[0;39m                : HHH000270: Type registration [java.util.UUID] overrides previous : org.hibernate.type.UUIDBinaryType@34b9eb03
2017-03-27 11:01:40.210    [34mINFO [0;39m --- [           main]  [36morg.hibernate.dialect.Dialect[0;39m                       : HHH000400: Using dialect: org.hibernate.dialect.PostgreSQL94Dialect
2017-03-27 11:01:40.432    [34mINFO [0;39m --- [           main]  [36mo.h.e.j.e.internal.LobCreatorBuilderImpl[0;39m            : HHH000424: Disabling contextual LOB creation as createClob() method threw error : java.lang.reflect.InvocationTargetException
2017-03-27 11:01:40.433    [34mINFO [0;39m --- [           main]  [36morg.hibernate.type.BasicTypeRegistry[0;39m                : HHH000270: Type registration [java.util.UUID] overrides previous : org.hibernate.type.UUIDBinaryType@34b9eb03
2017-03-27 11:01:40.889    [34mINFO [0;39m --- [           main]  [36mo.s.w.s.m.m.a.RequestMappingHandlerAdapter[0;39m          : Looking for @ControllerAdvice: org.springframework.boot.context.embedded.AnnotationConfigEmbeddedWebApplicationContext@6293abcc: startup date [Mon Mar 27 11:01:36 CST 2017]; root of context hierarchy
2017-03-27 11:01:40.962    [34mINFO [0;39m --- [           main]  [36mo.s.w.s.m.m.a.RequestMappingHandlerMapping[0;39m          : Mapped "{[/test/exe]}" onto public me.chanjar.weixin.mp.bean.message.WxMpXmlOutMessage com.pinebud.application.wechat.pet.io.JxTest.execute(java.lang.String,java.lang.String)
2017-03-27 11:01:40.964    [34mINFO [0;39m --- [           main]  [36mo.s.w.s.m.m.a.RequestMappingHandlerMapping[0;39m          : Mapped "{[/test/pet]}" onto public java.util.List com.pinebud.application.wechat.pet.io.JxTest.get1()
2017-03-27 11:01:40.964    [34mINFO [0;39m --- [           main]  [36mo.s.w.s.m.m.a.RequestMappingHandlerMapping[0;39m          : Mapped "{[/test/flow]}" onto public java.util.List com.pinebud.application.wechat.pet.io.JxTest.get2()
2017-03-27 11:01:40.965    [34mINFO [0;39m --- [           main]  [36mo.s.w.s.m.m.a.RequestMappingHandlerMapping[0;39m          : Mapped "{[/test/res]}" onto public java.util.List com.pinebud.application.wechat.pet.io.JxTest.get3()
2017-03-27 11:01:40.967    [34mINFO [0;39m --- [           main]  [36mo.s.w.s.m.m.a.RequestMappingHandlerMapping[0;39m          : Mapped "{[/],methods=[GET],produces=[text/plain;charset=utf-8]}" onto public java.lang.String com.pinebud.application.wechat.pet.io.JxWechatMpController.authGet(java.lang.String,java.lang.String,java.lang.String,java.lang.String)
2017-03-27 11:01:40.967    [34mINFO [0;39m --- [           main]  [36mo.s.w.s.m.m.a.RequestMappingHandlerMapping[0;39m          : Mapped "{[/],methods=[POST],produces=[application/xml;charset=UTF-8]}" onto public java.lang.String com.pinebud.application.wechat.pet.io.JxWechatMpController.post(java.lang.String,java.lang.String,java.lang.String,java.lang.String,java.lang.String,java.lang.String)
2017-03-27 11:01:40.970    [34mINFO [0;39m --- [           main]  [36mo.s.w.s.m.m.a.RequestMappingHandlerMapping[0;39m          : Mapped "{[/error]}" onto public org.springframework.http.ResponseEntity<java.util.Map<java.lang.String, java.lang.Object>> org.springframework.boot.autoconfigure.web.BasicErrorController.error(javax.servlet.http.HttpServletRequest)
2017-03-27 11:01:40.970    [34mINFO [0;39m --- [           main]  [36mo.s.w.s.m.m.a.RequestMappingHandlerMapping[0;39m          : Mapped "{[/error],produces=[text/html]}" onto public org.springframework.web.servlet.ModelAndView org.springframework.boot.autoconfigure.web.BasicErrorController.errorHtml(javax.servlet.http.HttpServletRequest,javax.servlet.http.HttpServletResponse)
2017-03-27 11:01:40.994    [34mINFO [0;39m --- [           main]  [36mo.s.w.s.handler.SimpleUrlHandlerMapping[0;39m             : Mapped URL path [/webjars/**] onto handler of type [class org.springframework.web.servlet.resource.ResourceHttpRequestHandler]
2017-03-27 11:01:40.994    [34mINFO [0;39m --- [           main]  [36mo.s.w.s.handler.SimpleUrlHandlerMapping[0;39m             : Mapped URL path [/**] onto handler of type [class org.springframework.web.servlet.resource.ResourceHttpRequestHandler]
2017-03-27 11:01:41.024    [34mINFO [0;39m --- [           main]  [36mo.s.w.s.handler.SimpleUrlHandlerMapping[0;39m             : Mapped URL path [/**/favicon.ico] onto handler of type [class org.springframework.web.servlet.resource.ResourceHttpRequestHandler]
2017-03-27 11:01:41.275    [34mINFO [0;39m --- [           main]  [36mo.s.j.e.a.AnnotationMBeanExporter[0;39m                   : Registering beans for JMX exposure on startup
2017-03-27 11:01:41.291    [34mINFO [0;39m --- [           main]  [36mapplication[0;39m                                         : Initializing Spring FrameworkServlet 'dispatcherServlet'
2017-03-27 11:01:41.292    [34mINFO [0;39m --- [           main]  [36mo.s.web.servlet.DispatcherServlet[0;39m                   : FrameworkServlet 'dispatcherServlet': initialization started
2017-03-27 11:01:41.303    [34mINFO [0;39m --- [           main]  [36mo.s.web.servlet.DispatcherServlet[0;39m                   : FrameworkServlet 'dispatcherServlet': initialization completed in 11 ms
2017-03-27 11:01:41.326    [34mINFO [0;39m --- [           main]  [36morg.eclipse.jetty.server.ServerConnector[0;39m            : Started ServerConnector@6d69a0d3{HTTP/1.1}{0.0.0.0:8089}
2017-03-27 11:01:41.328    [34mINFO [0;39m --- [           main]  [36mo.s.b.c.e.j.JettyEmbeddedServletContainer[0;39m           : Jetty started on port(s) 8089 (http/1.1)
2017-03-27 11:01:41.331    [34mINFO [0;39m --- [           main]  [36mc.p.application.wechat.pet.JxApplication[0;39m            : Started JxApplication in 5.232 seconds (JVM running for 6.033)
